<?xml version="1.0" encoding="UTF-8"?>
<!-- Generated by org.testng.reporters.JUnitReportReporter -->
<testsuite skipped="0" hostname="sathish-PC" name="Selenium_Framework.E2E_LakesEdge.Gmail_LoginTest" tests="2" failures="0" timestamp="13 Jul 2019 16:56:05 GMT" time="0.006" errors="0">
  <testcase name="Login" time="0.006" classname="Selenium_Framework.E2E_LakesEdge.Gmail_LoginTest"/>
  <testcase name="init" time="0.000" classname="Selenium_Framework.E2E_LakesEdge.Gmail_LoginTest"/>
</testsuite> <!-- Selenium_Framework.E2E_LakesEdge.Gmail_LoginTest -->
