<?xml version="1.0" encoding="UTF-8"?>
<!-- Generated by org.testng.reporters.JUnitReportReporter -->
<testsuite skipped="0" hostname="sathish-PC" name="Selenium_Framework.E2E_LakesEdge.AppTest" tests="1" failures="0" timestamp="13 Jul 2019 16:56:06 GMT" time="0.011" errors="0">
  <testcase name="shouldAnswerWithTrue" time="0.011" classname="Selenium_Framework.E2E_LakesEdge.AppTest"/>
</testsuite> <!-- Selenium_Framework.E2E_LakesEdge.AppTest -->
