<?xml version="1.0" encoding="UTF-8"?>
<!-- Generated by org.testng.reporters.JUnitReportReporter -->
<testsuite hostname="sathish-PC" name="Selenium_Framework.E2E_LakesEdge.AppTest" tests="3" failures="0" timestamp="15 Jul 2019 20:45:43 GMT" time="0.024" errors="0">
  <testcase name="main1" time="0.000" classname="Selenium_Framework.E2E_LakesEdge.AppTest"/>
  <testcase name="main2" time="0.000" classname="Selenium_Framework.E2E_LakesEdge.AppTest"/>
  <testcase name="main" time="0.024" classname="Selenium_Framework.E2E_LakesEdge.AppTest"/>
</testsuite> <!-- Selenium_Framework.E2E_LakesEdge.AppTest -->
