<?xml version="1.0" encoding="UTF-8"?>
<!-- Generated by org.testng.reporters.JUnitReportReporter -->
<testsuite hostname="sathish-PC" name="Selenium_Framework.E2E_LakesEdge.App" tests="3" failures="0" timestamp="15 Jul 2019 20:32:35 GMT" time="0.048" errors="0">
  <testcase name="main1" time="0.000" classname="Selenium_Framework.E2E_LakesEdge.App"/>
  <testcase name="main2" time="0.001" classname="Selenium_Framework.E2E_LakesEdge.App"/>
  <testcase name="main" time="0.047" classname="Selenium_Framework.E2E_LakesEdge.App"/>
</testsuite> <!-- Selenium_Framework.E2E_LakesEdge.App -->
