<?xml version="1.0" encoding="UTF-8"?>
<!-- Generated by org.testng.reporters.JUnitReportReporter -->
<testsuite hostname="sathish-PC" name="Selenium_Framework.E2E_LakesEdge.ValidateTitle$HomePage" tests="1" failures="0" timestamp="16 Jul 2019 19:13:23 GMT" time="1.349" errors="0">
  <testcase name="browserLanuch" time="1.349" classname="Selenium_Framework.E2E_LakesEdge.ValidateTitle$HomePage"/>
</testsuite> <!-- Selenium_Framework.E2E_LakesEdge.ValidateTitle$HomePage -->
