<?xml version="1.0" encoding="UTF-8"?>
<!-- Generated by org.testng.reporters.JUnitReportReporter -->
<testsuite skipped="0" hostname="sathish-PC" name="Selenium_Framework.E2E_LakesEdge.HomeTest" tests="1" failures="0" timestamp="13 Jul 2019 17:14:10 GMT" time="0.000" errors="0">
  <testcase name="home" time="0.000" classname="Selenium_Framework.E2E_LakesEdge.HomeTest"/>
</testsuite> <!-- Selenium_Framework.E2E_LakesEdge.HomeTest -->
